DEBUG:urllib3.connectionpool:Starting new HTTPS connection (1): www.basketball-reference.com:443
DEBUG:urllib3.connectionpool:https://www.basketball-reference.com:443 "GET /teams/ HTTP/1.1" 200 None
DEBUG:urllib3.connectionpool:Starting new HTTPS connection (1): www.basketball-reference.com:443
DEBUG:urllib3.connectionpool:https://www.basketball-reference.com:443 "GET /teams/ HTTP/1.1" 200 None
DEBUG:matplotlib.pyplot:Loaded backend module://ipykernel.pylab.backend_inline version unknown.
DEBUG:urllib3.connectionpool:Starting new HTTPS connection (1): www.basketball-reference.com:443
DEBUG:urllib3.connectionpool:https://www.basketball-reference.com:443 "GET /teams/ HTTP/1.1" 200 None
DEBUG:matplotlib.pyplot:Loaded backend module://ipykernel.pylab.backend_inline version unknown.
DEBUG:urllib3.connectionpool:Starting new HTTPS connection (1): www.basketball-reference.com:443
DEBUG:urllib3.connectionpool:https://www.basketball-reference.com:443 "GET /teams/ HTTP/1.1" 200 None
DEBUG:urllib3.connectionpool:Starting new HTTPS connection (1): www.basketball-reference.com:443
DEBUG:urllib3.connectionpool:https://www.basketball-reference.com:443 "GET /teams/ATL/ HTTP/1.1" 200 None
DEBUG:urllib3.connectionpool:Starting new HTTPS connection (1): www.basketball-reference.com:443
DEBUG:urllib3.connectionpool:https://www.basketball-reference.com:443 "GET /teams/BOS/ HTTP/1.1" 200 None
DEBUG:urllib3.connectionpool:Starting new HTTPS connection (1): www.basketball-reference.com:443
DEBUG:urllib3.connectionpool:https://www.basketball-reference.com:443 "GET /teams/NJN/ HTTP/1.1" 200 None
DEBUG:urllib3.connectionpool:Starting new HTTPS connection (1): www.basketball-reference.com:443
DEBUG:urllib3.connectionpool:https://www.basketball-reference.com:443 "GET /teams/CHA/ HTTP/1.1" 200 None
DEBUG:urllib3.connectionpool:Starting new HTTPS connection (1): www.basketball-reference.com:443
DEBUG:urllib3.connectionpool:https://www.basketball-reference.com:443 "GET /teams/CHI/ HTTP/1.1" 200 None
DEBUG:urllib3.connectionpool:Starting new HTTPS connection (1): www.basketball-reference.com:443
DEBUG:urllib3.connectionpool:https://www.basketball-reference.com:443 "GET /teams/CLE/ HTTP/1.1" 200 None
DEBUG:urllib3.connectionpool:Starting new HTTPS connection (1): www.basketball-reference.com:443
DEBUG:urllib3.connectionpool:https://www.basketball-reference.com:443 "GET /teams/DAL/ HTTP/1.1" 200 None
DEBUG:urllib3.connectionpool:Starting new HTTPS connection (1): www.basketball-reference.com:443
DEBUG:urllib3.connectionpool:https://www.basketball-reference.com:443 "GET /teams/DEN/ HTTP/1.1" 200 None
DEBUG:urllib3.connectionpool:Starting new HTTPS connection (1): www.basketball-reference.com:443
DEBUG:urllib3.connectionpool:https://www.basketball-reference.com:443 "GET /teams/DET/ HTTP/1.1" 200 None
DEBUG:urllib3.connectionpool:Starting new HTTPS connection (1): www.basketball-reference.com:443
DEBUG:urllib3.connectionpool:https://www.basketball-reference.com:443 "GET /teams/GSW/ HTTP/1.1" 200 None
DEBUG:urllib3.connectionpool:Starting new HTTPS connection (1): www.basketball-reference.com:443
DEBUG:urllib3.connectionpool:https://www.basketball-reference.com:443 "GET /teams/HOU/ HTTP/1.1" 200 None
DEBUG:urllib3.connectionpool:Starting new HTTPS connection (1): www.basketball-reference.com:443
DEBUG:urllib3.connectionpool:https://www.basketball-reference.com:443 "GET /teams/IND/ HTTP/1.1" 200 None
DEBUG:urllib3.connectionpool:Starting new HTTPS connection (1): www.basketball-reference.com:443
DEBUG:urllib3.connectionpool:https://www.basketball-reference.com:443 "GET /teams/LAC/ HTTP/1.1" 200 None
DEBUG:urllib3.connectionpool:Starting new HTTPS connection (1): www.basketball-reference.com:443
DEBUG:urllib3.connectionpool:https://www.basketball-reference.com:443 "GET /teams/LAL/ HTTP/1.1" 200 None
DEBUG:urllib3.connectionpool:Starting new HTTPS connection (1): www.basketball-reference.com:443
DEBUG:urllib3.connectionpool:https://www.basketball-reference.com:443 "GET /teams/MEM/ HTTP/1.1" 200 None
DEBUG:urllib3.connectionpool:Starting new HTTPS connection (1): www.basketball-reference.com:443
DEBUG:urllib3.connectionpool:https://www.basketball-reference.com:443 "GET /teams/MIA/ HTTP/1.1" 200 None
DEBUG:urllib3.connectionpool:Starting new HTTPS connection (1): www.basketball-reference.com:443
DEBUG:urllib3.connectionpool:https://www.basketball-reference.com:443 "GET /teams/MIL/ HTTP/1.1" 200 None
DEBUG:urllib3.connectionpool:Starting new HTTPS connection (1): www.basketball-reference.com:443
DEBUG:urllib3.connectionpool:https://www.basketball-reference.com:443 "GET /teams/MIN/ HTTP/1.1" 200 None
DEBUG:urllib3.connectionpool:Starting new HTTPS connection (1): www.basketball-reference.com:443
DEBUG:urllib3.connectionpool:https://www.basketball-reference.com:443 "GET /teams/NOH/ HTTP/1.1" 200 None
DEBUG:urllib3.connectionpool:Starting new HTTPS connection (1): www.basketball-reference.com:443
DEBUG:urllib3.connectionpool:https://www.basketball-reference.com:443 "GET /teams/NYK/ HTTP/1.1" 200 None
DEBUG:urllib3.connectionpool:Starting new HTTPS connection (1): www.basketball-reference.com:443
DEBUG:urllib3.connectionpool:https://www.basketball-reference.com:443 "GET /teams/OKC/ HTTP/1.1" 200 None
DEBUG:urllib3.connectionpool:Starting new HTTPS connection (1): www.basketball-reference.com:443
DEBUG:urllib3.connectionpool:https://www.basketball-reference.com:443 "GET /teams/ORL/ HTTP/1.1" 200 None
DEBUG:urllib3.connectionpool:Starting new HTTPS connection (1): www.basketball-reference.com:443
DEBUG:urllib3.connectionpool:https://www.basketball-reference.com:443 "GET /teams/PHI/ HTTP/1.1" 200 None
DEBUG:urllib3.connectionpool:Starting new HTTPS connection (1): www.basketball-reference.com:443
DEBUG:urllib3.connectionpool:https://www.basketball-reference.com:443 "GET /teams/PHO/ HTTP/1.1" 200 None
DEBUG:urllib3.connectionpool:Starting new HTTPS connection (1): www.basketball-reference.com:443
DEBUG:urllib3.connectionpool:https://www.basketball-reference.com:443 "GET /teams/POR/ HTTP/1.1" 200 None
DEBUG:urllib3.connectionpool:Starting new HTTPS connection (1): www.basketball-reference.com:443
DEBUG:urllib3.connectionpool:https://www.basketball-reference.com:443 "GET /teams/SAC/ HTTP/1.1" 200 None
DEBUG:urllib3.connectionpool:Starting new HTTPS connection (1): www.basketball-reference.com:443
DEBUG:urllib3.connectionpool:https://www.basketball-reference.com:443 "GET /teams/SAS/ HTTP/1.1" 200 None
DEBUG:urllib3.connectionpool:Starting new HTTPS connection (1): www.basketball-reference.com:443
DEBUG:urllib3.connectionpool:https://www.basketball-reference.com:443 "GET /teams/TOR/ HTTP/1.1" 200 None
DEBUG:urllib3.connectionpool:Starting new HTTPS connection (1): www.basketball-reference.com:443
DEBUG:urllib3.connectionpool:https://www.basketball-reference.com:443 "GET /teams/UTA/ HTTP/1.1" 200 None
DEBUG:urllib3.connectionpool:Starting new HTTPS connection (1): www.basketball-reference.com:443
DEBUG:urllib3.connectionpool:https://www.basketball-reference.com:443 "GET /teams/WAS/ HTTP/1.1" 200 None
